#
# A fatal error has been detected by the Java Runtime Environment:
#
#  EXCEPTION_ACCESS_VIOLATION (0xc0000005) at pc=0x00007fffbad14b2c, pid=7984, tid=0x0000000000000f58
#
# JRE version: OpenJDK Runtime Environment (8.0_265-b01) (build 1.8.0_265-b01)
# Java VM: OpenJDK 64-Bit Server VM (25.265-b01 mixed mode windows-amd64 compressed oops)
# Problematic frame:
# C  [ig75icd64.dll+0x254b2c]
#
# Failed to write core dump. Minidumps are not enabled by default on client versions of Windows
#
# If you would like to submit a bug report, please include
# instructions on how to reproduce the bug and visit:
#   http://bugreport.java.com/bugreport/crash.jsp
# The crash happened outside the Java Virtual Machine in native code.
# See problematic frame for where to report the bug.
#

---------------  T H R E A D  ---------------

Current thread (0x00000000011ee800):  JavaThread "main" [_thread_in_native, id=3928, stack(0x0000000002b10000,0x0000000002c10000)]

siginfo: ExceptionCode=0xc0000005, reading address 0x0000000000000000

Registers:
RAX=0x00000000600321c8, RBX=0x0000000000000000, RCX=0x0000000000000000, RDX=0x0000000000000000
RSP=0x0000000002c0cb20, RBP=0x0000000002c0cc20, RSI=0x0000000060103760, RDI=0x0000000046414118
R8 =0x0000000000000000, R9 =0x0000000002c0cae0, R10=0x0000000000000000, R11=0x0000000002c0ca80
R12=0x00000000600321b8, R13=0x000000005247b880, R14=0x00000000463e5000, R15=0x00000000000c0413
RIP=0x00007fffbad14b2c, EFLAGS=0x0000000000010246

Top of Stack: (sp=0x0000000002c0cb20)
0x0000000002c0cb20:   000000004e04cd00 0000000003346000
0x0000000002c0cb30:   000000006016eba0 000000004e04cdd0
0x0000000002c0cb40:   0000000000000000 000000000000005e
0x0000000002c0cb50:   0000000002c0cc40 0000000000f32340
0x0000000002c0cb60:   0000000046414118 0000000000000fe0
0x0000000002c0cb70:   0000000000f32348 0000000000000000
0x0000000002c0cb80:   0000000000f32cac 0000000000000000
0x0000000002c0cb90:   0000000000000000 0000000078100004
0x0000000002c0cba0:   0000000000000000 8b80040100101000
0x0000000002c0cbb0:   0000000000000000 00000000523a5e40
0x0000000002c0cbc0:   00000000600322d0 0000000052472400
0x0000000002c0cbd0:   0000000046413e48 00000000525ce9f0
0x0000000002c0cbe0:   000000005247b880 0000000046413e48
0x0000000002c0cbf0:   0000000000000d00 0000000000000000
0x0000000002c0cc00:   0000000000f321e0 0000000000f41690
0x0000000002c0cc10:   0000000000000000 00000000526fc410 

Instructions: (pc=0x00007fffbad14b2c)
0x00007fffbad14b0c:   1d 8b 43 24 83 e8 09 83 f8 01 77 0c 80 7b 34 04
0x00007fffbad14b1c:   75 06 48 8b 5b 10 eb 08 33 c0 8b d8 eb 02 33 db
0x00007fffbad14b2c:   4c 8b 2b 4c 8b 7d c0 48 8b d7 49 8b cf 4c 89 6d
0x00007fffbad14b3c:   d0 e8 ae 76 e4 ff 8b 43 40 41 89 86 10 f2 02 00 


Register to memory mapping:

RAX=0x00000000600321c8 is an unknown value
RBX=0x0000000000000000 is an unknown value
RCX=0x0000000000000000 is an unknown value
RDX=0x0000000000000000 is an unknown value
RSP=0x0000000002c0cb20 is pointing into the stack for thread: 0x00000000011ee800
RBP=0x0000000002c0cc20 is pointing into the stack for thread: 0x00000000011ee800
RSI=0x0000000060103760 is an unknown value
RDI=0x0000000046414118 is an unknown value
R8 =0x0000000000000000 is an unknown value
R9 =0x0000000002c0cae0 is pointing into the stack for thread: 0x00000000011ee800
R10=0x0000000000000000 is an unknown value
R11=0x0000000002c0ca80 is pointing into the stack for thread: 0x00000000011ee800
R12=0x00000000600321b8 is an unknown value
R13=0x000000005247b880 is an unknown value
R14=0x00000000463e5000 is an unknown value
R15=0x00000000000c0413 is an unknown value


Stack: [0x0000000002b10000,0x0000000002c10000],  sp=0x0000000002c0cb20,  free space=1010k
Native frames: (J=compiled Java code, j=interpreted, Vv=VM code, C=native code)
C  [ig75icd64.dll+0x254b2c]
C  [ig75icd64.dll+0x3037eb]
C  [ig75icd64.dll+0x303227]
C  [ig75icd64.dll+0x4d4914]
C  [ig75icd64.dll+0x4d5193]
C  0x00000000031ac454

Java frames: (J=compiled Java code, j=interpreted, Vv=VM code)
J 1154  org.lwjgl.opengl.GL11.nglDrawArrays(IIIJ)V (0 bytes) @ 0x00000000031ac3ce [0x00000000031ac380+0x4e]
J 1223 C2 org.lwjgl.opengl.GL11.glDrawArrays(III)V (24 bytes) @ 0x00000000031cc368 [0x00000000031cc320+0x48]
j  gl.arc.ArcRenderLightGeneric.render(Lgl/Camera;Lmap/architecture/Architecture;Lmap/architecture/vis/Cluster;)V+206
j  gl.arc.ArcRenderMaster.render(Lscene/Scene;Lorg/joml/Vector4f;Lmap/architecture/Architecture;Z[Lgl/light/DynamicLight;Ljava/util/List;)V+290
j  map.architecture.Architecture.render(Lgl/Camera;Lorg/joml/Vector4f;Z)V+18
j  map.architecture.ArchitectureHandler.render(Lgl/Camera;Lorg/joml/Vector4f;)V+25
j  scene.PlayableScene.render(Lorg/joml/Vector4f;)V+28
j  scene.mapscene.MapScene.render(Lorg/joml/Vector4f;)V+32
j  gl.Render.renderPass(Lscene/Scene;)V+65
j  core.Application.main([Ljava/lang/String;)V+184
v  ~StubRoutines::call_stub

---------------  P R O C E S S  ---------------

Java Threads: ( => current thread )
  0x00000000193c8800 JavaThread "Thread-6" [_thread_in_Java, id=8004, stack(0x0000000057150000,0x0000000057250000)]
  0x000000004c5a8800 JavaThread "Thread-5" [_thread_blocked, id=2268, stack(0x0000000057050000,0x0000000057150000)]
  0x000000001aa29800 JavaThread "LWJGL Timer" daemon [_thread_blocked, id=8120, stack(0x0000000055e80000,0x0000000055f80000)]
  0x000000001a89c000 JavaThread "Thread-2" daemon [_thread_blocked, id=8880, stack(0x0000000046100000,0x0000000046200000)]
  0x000000001a473000 JavaThread "Java Sound Event Dispatcher" daemon [_thread_blocked, id=11016, stack(0x0000000025230000,0x0000000025330000)]
  0x00000000178de800 JavaThread "Service Thread" daemon [_thread_blocked, id=1700, stack(0x00000000195d0000,0x00000000196d0000)]
  0x0000000017896800 JavaThread "C1 CompilerThread2" daemon [_thread_blocked, id=2180, stack(0x00000000190d0000,0x00000000191d0000)]
  0x0000000017892000 JavaThread "C2 CompilerThread1" daemon [_thread_blocked, id=6892, stack(0x0000000018fd0000,0x00000000190d0000)]
  0x000000001788b800 JavaThread "C2 CompilerThread0" daemon [_thread_blocked, id=10652, stack(0x0000000018ed0000,0x0000000018fd0000)]
  0x0000000017889800 JavaThread "Attach Listener" daemon [_thread_blocked, id=5740, stack(0x0000000018dd0000,0x0000000018ed0000)]
  0x0000000017889000 JavaThread "Signal Dispatcher" daemon [_thread_blocked, id=2800, stack(0x0000000018cd0000,0x0000000018dd0000)]
  0x0000000002d0e000 JavaThread "Finalizer" daemon [_thread_blocked, id=7236, stack(0x0000000018ad0000,0x0000000018bd0000)]
  0x0000000017869000 JavaThread "Reference Handler" daemon [_thread_blocked, id=4448, stack(0x00000000189d0000,0x0000000018ad0000)]
=>0x00000000011ee800 JavaThread "main" [_thread_in_native, id=3928, stack(0x0000000002b10000,0x0000000002c10000)]

Other Threads:
  0x0000000017847000 VMThread [stack: 0x00000000188d0000,0x00000000189d0000] [id=4556]
  0x0000000019206000 WatcherThread [stack: 0x00000000196d0000,0x00000000197d0000] [id=6128]

VM state:not at safepoint (normal execution)

VM Mutex/Monitor currently owned by a thread: None

heap address: 0x0000000081400000, size: 2028 MB, Compressed Oops mode: 32-bit
Narrow klass base: 0x0000000000000000, Narrow klass shift: 3
Compressed class space size: 1073741824 Address: 0x0000000100000000

Heap:
 PSYoungGen      total 43520K, used 14113K [0x00000000d5c00000, 0x00000000d9e00000, 0x0000000100000000)
  eden space 43008K, 31% used [0x00000000d5c00000,0x00000000d696d8a8,0x00000000d8600000)
  from space 512K, 70% used [0x00000000d9d80000,0x00000000d9ddad10,0x00000000d9e00000)
  to   space 5120K, 0% used [0x00000000d9400000,0x00000000d9400000,0x00000000d9900000)
 ParOldGen       total 79872K, used 16046K [0x0000000081400000, 0x0000000086200000, 0x00000000d5c00000)
  object space 79872K, 20% used [0x0000000081400000,0x00000000823abb70,0x0000000086200000)
 Metaspace       used 10856K, capacity 10993K, committed 11264K, reserved 1058816K
  class space    used 1147K, capacity 1225K, committed 1280K, reserved 1048576K

Card table byte_map: [0x00000000120d0000,0x00000000124d0000] byte_map_base: 0x0000000011cc6000

Marking Bits: (ParMarkBitMap*) 0x000000005acc8810
 Begin Bits: [0x0000000012b80000, 0x0000000014b30000)
 End Bits:   [0x0000000014b30000, 0x0000000016ae0000)

Polling page: 0x00000000011c0000

CodeCache: size=245760Kb used=6103Kb max_used=6103Kb free=239656Kb
 bounds [0x0000000002d10000, 0x0000000003310000, 0x0000000011d10000]
 total_blobs=2026 nmethods=1509 adapters=429
 compilation: enabled

Compilation events (10 events):
Event: 7.726 Thread 0x0000000017896800 1504       1       ui.Character::getSizeX (5 bytes)
Event: 7.726 Thread 0x0000000017896800 nmethod 1504 0x00000000032e5550 code [0x00000000032e56a0, 0x00000000032e57b0]
Event: 7.726 Thread 0x0000000017896800 1505       1       ui.Character::getSizeY (5 bytes)
Event: 7.726 Thread 0x0000000017896800 nmethod 1505 0x00000000032e7b90 code [0x00000000032e7ce0, 0x00000000032e7df0]
Event: 7.729 Thread 0x0000000017896800 1506       1       java.util.Formatter$Flags::valueOf (5 bytes)
Event: 7.729 Thread 0x0000000017892000 1507       4       java.lang.Math::max (11 bytes)
Event: 7.729 Thread 0x0000000017896800 nmethod 1506 0x00000000032e6e50 code [0x00000000032e6fa0, 0x00000000032e70b0]
Event: 7.729 Thread 0x0000000017892000 nmethod 1507 0x00000000032e8210 code [0x00000000032e8340, 0x00000000032e8398]
Event: 7.731 Thread 0x0000000017896800 1508       3       ui.UI::renderWorldSpace (469 bytes)
Event: 7.738 Thread 0x000000001788b800 1510       4       java.util.ArrayList::remove (77 bytes)

GC Heap History (10 events):
Event: 1.791 GC heap before
{Heap before GC invocations=1 (full 0):
 PSYoungGen      total 38400K, used 33280K [0x00000000d5c00000, 0x00000000d8680000, 0x0000000100000000)
  eden space 33280K, 100% used [0x00000000d5c00000,0x00000000d7c80000,0x00000000d7c80000)
  from space 5120K, 0% used [0x00000000d8180000,0x00000000d8180000,0x00000000d8680000)
  to   space 5120K, 0% used [0x00000000d7c80000,0x00000000d7c80000,0x00000000d8180000)
 ParOldGen       total 87552K, used 0K [0x0000000081400000, 0x0000000086980000, 0x00000000d5c00000)
  object space 87552K, 0% used [0x0000000081400000,0x0000000081400000,0x0000000086980000)
 Metaspace       used 7401K, capacity 7680K, committed 7936K, reserved 1056768K
  class space    used 828K, capacity 902K, committed 1024K, reserved 1048576K
Event: 1.810 GC heap after
Heap after GC invocations=1 (full 0):
 PSYoungGen      total 38400K, used 5107K [0x00000000d5c00000, 0x00000000da700000, 0x0000000100000000)
  eden space 33280K, 0% used [0x00000000d5c00000,0x00000000d5c00000,0x00000000d7c80000)
  from space 5120K, 99% used [0x00000000d7c80000,0x00000000d817ccf0,0x00000000d8180000)
  to   space 5120K, 0% used [0x00000000da200000,0x00000000da200000,0x00000000da700000)
 ParOldGen       total 87552K, used 10180K [0x0000000081400000, 0x0000000086980000, 0x00000000d5c00000)
  object space 87552K, 11% used [0x0000000081400000,0x0000000081df1288,0x0000000086980000)
 Metaspace       used 7401K, capacity 7680K, committed 7936K, reserved 1056768K
  class space    used 828K, capacity 902K, committed 1024K, reserved 1048576K
}
Event: 3.082 GC heap before
{Heap before GC invocations=2 (full 0):
 PSYoungGen      total 38400K, used 35104K [0x00000000d5c00000, 0x00000000da700000, 0x0000000100000000)
  eden space 33280K, 90% used [0x00000000d5c00000,0x00000000d794b5a0,0x00000000d7c80000)
  from space 5120K, 99% used [0x00000000d7c80000,0x00000000d817ccf0,0x00000000d8180000)
  to   space 5120K, 0% used [0x00000000da200000,0x00000000da200000,0x00000000da700000)
 ParOldGen       total 87552K, used 10180K [0x0000000081400000, 0x0000000086980000, 0x00000000d5c00000)
  object space 87552K, 11% used [0x0000000081400000,0x0000000081df1288,0x0000000086980000)
 Metaspace       used 9537K, capacity 9731K, committed 9856K, reserved 1058816K
  class space    used 989K, capacity 1062K, committed 1152K, reserved 1048576K
Event: 3.093 GC heap after
Heap after GC invocations=2 (full 0):
 PSYoungGen      total 38400K, used 5088K [0x00000000d5c00000, 0x00000000da700000, 0x0000000100000000)
  eden space 33280K, 0% used [0x00000000d5c00000,0x00000000d5c00000,0x00000000d7c80000)
  from space 5120K, 99% used [0x00000000da200000,0x00000000da6f8020,0x00000000da700000)
  to   space 5120K, 0% used [0x00000000d7c80000,0x00000000d7c80000,0x00000000d8180000)
 ParOldGen       total 87552K, used 20862K [0x0000000081400000, 0x0000000086980000, 0x00000000d5c00000)
  object space 87552K, 23% used [0x0000000081400000,0x000000008285fb60,0x0000000086980000)
 Metaspace       used 9537K, capacity 9731K, committed 9856K, reserved 1058816K
  class space    used 989K, capacity 1062K, committed 1152K, reserved 1048576K
}
Event: 6.138 GC heap before
{Heap before GC invocations=3 (full 1):
 PSYoungGen      total 38400K, used 38368K [0x00000000d5c00000, 0x00000000da700000, 0x0000000100000000)
  eden space 33280K, 100% used [0x00000000d5c00000,0x00000000d7c80000,0x00000000d7c80000)
  from space 5120K, 99% used [0x00000000da200000,0x00000000da6f8020,0x00000000da700000)
  to   space 5120K, 0% used [0x00000000d7c80000,0x00000000d7c80000,0x00000000d8180000)
 ParOldGen       total 87552K, used 81192K [0x0000000081400000, 0x0000000086980000, 0x00000000d5c00000)
  object space 87552K, 92% used [0x0000000081400000,0x000000008634a160,0x0000000086980000)
 Metaspace       used 10283K, capacity 10435K, committed 10624K, reserved 1058816K
  class space    used 1077K, capacity 1126K, committed 1152K, reserved 1048576K
Event: 6.222 GC heap after
Heap after GC invocations=3 (full 1):
 PSYoungGen      total 38400K, used 0K [0x00000000d5c00000, 0x00000000da700000, 0x0000000100000000)
  eden space 33280K, 0% used [0x00000000d5c00000,0x00000000d5c00000,0x00000000d7c80000)
  from space 5120K, 0% used [0x00000000da200000,0x00000000da200000,0x00000000da700000)
  to   space 5120K, 0% used [0x00000000d7c80000,0x00000000d7c80000,0x00000000d8180000)
 ParOldGen       total 79872K, used 16038K [0x0000000081400000, 0x0000000086200000, 0x00000000d5c00000)
  object space 79872K, 20% used [0x0000000081400000,0x00000000823a9b70,0x0000000086200000)
 Metaspace       used 10283K, capacity 10435K, committed 10624K, reserved 1058816K
  class space    used 1077K, capacity 1126K, committed 1152K, reserved 1048576K
}
Event: 6.615 GC heap before
{Heap before GC invocations=4 (full 1):
 PSYoungGen      total 38400K, used 31263K [0x00000000d5c00000, 0x00000000da700000, 0x0000000100000000)
  eden space 33280K, 93% used [0x00000000d5c00000,0x00000000d7a87f08,0x00000000d7c80000)
  from space 5120K, 0% used [0x00000000da200000,0x00000000da200000,0x00000000da700000)
  to   space 5120K, 0% used [0x00000000d7c80000,0x00000000d7c80000,0x00000000d8180000)
 ParOldGen       total 79872K, used 16038K [0x0000000081400000, 0x0000000086200000, 0x00000000d5c00000)
  object space 79872K, 20% used [0x0000000081400000,0x00000000823a9b70,0x0000000086200000)
 Metaspace       used 10289K, capacity 10435K, committed 10624K, reserved 1058816K
  class space    used 1077K, capacity 1126K, committed 1152K, reserved 1048576K
Event: 6.616 GC heap after
Heap after GC invocations=4 (full 1):
 PSYoungGen      total 38400K, used 1541K [0x00000000d5c00000, 0x00000000da280000, 0x0000000100000000)
  eden space 33280K, 0% used [0x00000000d5c00000,0x00000000d5c00000,0x00000000d7c80000)
  from space 5120K, 30% used [0x00000000d7c80000,0x00000000d7e01640,0x00000000d8180000)
  to   space 5120K, 0% used [0x00000000d9d80000,0x00000000d9d80000,0x00000000da280000)
 ParOldGen       total 79872K, used 16038K [0x0000000081400000, 0x0000000086200000, 0x00000000d5c00000)
  object space 79872K, 20% used [0x0000000081400000,0x00000000823a9b70,0x0000000086200000)
 Metaspace       used 10289K, capacity 10435K, committed 10624K, reserved 1058816K
  class space    used 1077K, capacity 1126K, committed 1152K, reserved 1048576K
}
Event: 7.598 GC heap before
{Heap before GC invocations=5 (full 1):
 PSYoungGen      total 38400K, used 33156K [0x00000000d5c00000, 0x00000000da280000, 0x0000000100000000)
  eden space 33280K, 94% used [0x00000000d5c00000,0x00000000d7adfbb8,0x00000000d7c80000)
  from space 5120K, 30% used [0x00000000d7c80000,0x00000000d7e01640,0x00000000d8180000)
  to   space 5120K, 0% used [0x00000000d9d80000,0x00000000d9d80000,0x00000000da280000)
 ParOldGen       total 79872K, used 16038K [0x0000000081400000, 0x0000000086200000, 0x00000000d5c00000)
  object space 79872K, 20% used [0x0000000081400000,0x00000000823a9b70,0x0000000086200000)
 Metaspace       used 10632K, capacity 10819K, committed 11008K, reserved 1058816K
  class space    used 1120K, capacity 1190K, committed 1280K, reserved 1048576K
Event: 7.600 GC heap after
Heap after GC invocations=5 (full 1):
 PSYoungGen      total 43520K, used 363K [0x00000000d5c00000, 0x00000000d9e00000, 0x0000000100000000)
  eden space 43008K, 0% used [0x00000000d5c00000,0x00000000d5c00000,0x00000000d8600000)
  from space 512K, 70% used [0x00000000d9d80000,0x00000000d9ddad10,0x00000000d9e00000)
  to   space 5120K, 0% used [0x00000000d9400000,0x00000000d9400000,0x00000000d9900000)
 ParOldGen       total 79872K, used 16046K [0x0000000081400000, 0x0000000086200000, 0x00000000d5c00000)
  object space 79872K, 20% used [0x0000000081400000,0x00000000823abb70,0x0000000086200000)
 Metaspace       used 10632K, capacity 10819K, committed 11008K, reserved 1058816K
  class space    used 1120K, capacity 1190K, committed 1280K, reserved 1048576K
}

Deoptimization events (10 events):
Event: 6.803 Thread 0x00000000011ee800 Uncommon trap: reason=bimorphic action=maybe_recompile pc=0x0000000002fd68d4 method=java.io.DataInputStream.readChar()C @ 4
Event: 6.803 Thread 0x00000000011ee800 Uncommon trap: reason=class_check action=maybe_recompile pc=0x0000000002fc61ec method=java.io.DataInputStream.readByte()B @ 4
Event: 6.804 Thread 0x00000000011ee800 Uncommon trap: reason=class_check action=maybe_recompile pc=0x0000000002fc61ec method=java.io.DataInputStream.readByte()B @ 4
Event: 6.941 Thread 0x00000000011ee800 Uncommon trap: reason=unstable_if action=reinterpret pc=0x00000000031d8d84 method=ui.Text.setText(Ljava/lang/String;[I)V @ 565
Event: 7.096 Thread 0x00000000011ee800 Uncommon trap: reason=unstable_if action=reinterpret pc=0x00000000032af344 method=map.architecture.Lightmap.<init>()V @ 60
Event: 7.622 Thread 0x00000000011ee800 Uncommon trap: reason=unstable_if action=reinterpret pc=0x00000000032c7a58 method=gl.res.TextureUtils.getRawCubemapTexData(Ljava/lang/String;)[[B @ 190
Event: 7.719 Thread 0x00000000011ee800 Uncommon trap: reason=predicate action=maybe_recompile pc=0x0000000003234ba0 method=java.util.ArrayList.remove(Ljava/lang/Object;)Z @ 49
Event: 7.725 Thread 0x00000000011ee800 Uncommon trap: reason=unstable_if action=reinterpret pc=0x00000000031c3168 method=shader.UniformFloat.loadFloat(F)V @ 4
Event: 7.731 Thread 0x00000000011ee800 Uncommon trap: reason=unstable_if action=reinterpret pc=0x00000000031e8c24 method=shader.UniformVec3.loadVec3(FFF)V @ 22
Event: 7.738 Thread 0x00000000011ee800 Uncommon trap: reason=unstable_if action=reinterpret pc=0x00000000031c8574 method=shader.UniformVec3.loadVec3(FFF)V @ 4

Classes redefined (0 events):
No events

Internal exceptions (10 events):
Event: 0.371 Thread 0x00000000011ee800 Exception <a 'java/security/PrivilegedActionException'> (0x00000000d5f47ee0) thrown at [C:\ws\89P\Corretto8Src\installers\windows\zip\corretto-build\buildRoot\src\hotspot\src\share\vm\prims\jvm.cpp, line 1511]
Event: 0.371 Thread 0x00000000011ee800 Exception <a 'java/security/PrivilegedActionException'> (0x00000000d5f480f0) thrown at [C:\ws\89P\Corretto8Src\installers\windows\zip\corretto-build\buildRoot\src\hotspot\src\share\vm\prims\jvm.cpp, line 1511]
Event: 0.372 Thread 0x00000000011ee800 Exception <a 'java/security/PrivilegedActionException'> (0x00000000d5f4ca78) thrown at [C:\ws\89P\Corretto8Src\installers\windows\zip\corretto-build\buildRoot\src\hotspot\src\share\vm\prims\jvm.cpp, line 1511]
Event: 0.372 Thread 0x00000000011ee800 Exception <a 'java/security/PrivilegedActionException'> (0x00000000d5f4cc88) thrown at [C:\ws\89P\Corretto8Src\installers\windows\zip\corretto-build\buildRoot\src\hotspot\src\share\vm\prims\jvm.cpp, line 1511]
Event: 0.598 Thread 0x00000000011ee800 Exception <a 'java/lang/UnsatisfiedLinkError': The specified module could not be found.
> (0x00000000d60e5220) thrown at [C:\ws\89P\Corretto8Src\installers\windows\zip\corretto-build\buildRoot\src\hotspot\src\share\vm\prims\jni.cpp, line 738]
Event: 0.601 Thread 0x00000000011ee800 Exception <a 'java/lang/UnsatisfiedLinkError': The specified module could not be found.
> (0x00000000d60e5ad0) thrown at [C:\ws\89P\Corretto8Src\installers\windows\zip\corretto-build\buildRoot\src\hotspot\src\share\vm\prims\jni.cpp, line 738]
Event: 0.604 Thread 0x00000000011ee800 Exception <a 'java/lang/UnsatisfiedLinkError': The specified module could not be found.
> (0x00000000d60e6210) thrown at [C:\ws\89P\Corretto8Src\installers\windows\zip\corretto-build\buildRoot\src\hotspot\src\share\vm\prims\jni.cpp, line 738]
Event: 1.235 Thread 0x00000000011ee800 Exception <a 'java/lang/NoSuchFieldError': method resolution failed> (0x00000000d62a3298) thrown at [C:\ws\89P\Corretto8Src\installers\windows\zip\corretto-build\buildRoot\src\hotspot\src\share\vm\prims\methodHandles.cpp, line 1169]
Event: 1.238 Thread 0x00000000011ee800 Exception <a 'java/lang/NoSuchFieldError': method resolution failed> (0x00000000d62b08b0) thrown at [C:\ws\89P\Corretto8Src\installers\windows\zip\corretto-build\buildRoot\src\hotspot\src\share\vm\prims\methodHandles.cpp, line 1169]
Event: 1.363 Thread 0x00000000011ee800 Exception <a 'java/io/FileNotFoundException'> (0x00000000d63a34f8) thrown at [C:\ws\89P\Corretto8Src\installers\windows\zip\corretto-build\buildRoot\src\hotspot\src\share\vm\prims\jni.cpp, line 711]

Events (10 events):
Event: 7.728 loading class sun/misc/FormattedFloatingDecimal$2
Event: 7.728 loading class sun/misc/FormattedFloatingDecimal$2 done
Event: 7.729 loading class util/MathUtil
Event: 7.729 loading class util/MathUtil done
Event: 7.731 Thread 0x00000000011ee800 Uncommon trap: trap_request=0xffffff65 fr.pc=0x00000000031e8c24
Event: 7.731 Thread 0x00000000011ee800 DEOPT PACKING pc=0x00000000031e8c24 sp=0x0000000002c0ecd0
Event: 7.731 Thread 0x00000000011ee800 DEOPT UNPACKING pc=0x0000000002d5557b sp=0x0000000002c0ec68 mode 2
Event: 7.738 Thread 0x00000000011ee800 Uncommon trap: trap_request=0xffffff65 fr.pc=0x00000000031c8574
Event: 7.738 Thread 0x00000000011ee800 DEOPT PACKING pc=0x00000000031c8574 sp=0x0000000002c0ed60
Event: 7.738 Thread 0x00000000011ee800 DEOPT UNPACKING pc=0x0000000002d5557b sp=0x0000000002c0eca8 mode 2


Dynamic libraries:
0x00007ff6d8b90000 - 0x00007ff6d8bc5000 	C:\Program Files\Amazon Corretto\jdk1.8.0_265\bin\javaw.exe
0x00007ff812770000 - 0x00007ff812965000 	C:\WINDOWS\SYSTEM32\ntdll.dll
0x00007ff812090000 - 0x00007ff81214d000 	C:\WINDOWS\System32\KERNEL32.DLL
0x00007ff810260000 - 0x00007ff810529000 	C:\WINDOWS\System32\KERNELBASE.dll
0x00007ff812150000 - 0x00007ff8121fc000 	C:\WINDOWS\System32\ADVAPI32.dll
0x00007ff811110000 - 0x00007ff8111ae000 	C:\WINDOWS\System32\msvcrt.dll
0x00007ff811390000 - 0x00007ff81142b000 	C:\WINDOWS\System32\sechost.dll
0x00007ff810f20000 - 0x00007ff81104a000 	C:\WINDOWS\System32\RPCRT4.dll
0x00007ff812230000 - 0x00007ff8123d0000 	C:\WINDOWS\System32\USER32.dll
0x00007ff80fea0000 - 0x00007ff80fec2000 	C:\WINDOWS\System32\win32u.dll
0x00007ff8111b0000 - 0x00007ff8111da000 	C:\WINDOWS\System32\GDI32.dll
0x00007ff810690000 - 0x00007ff81079b000 	C:\WINDOWS\System32\gdi32full.dll
0x00007ff80ff80000 - 0x00007ff81001d000 	C:\WINDOWS\System32\msvcp_win.dll
0x00007ff8100d0000 - 0x00007ff8101d0000 	C:\WINDOWS\System32\ucrtbase.dll
0x00007fffffd50000 - 0x00007ffffffea000 	C:\WINDOWS\WinSxS\amd64_microsoft.windows.common-controls_6595b64144ccf1df_6.0.19041.1110_none_60b5254171f9507e\COMCTL32.dll
0x00007ff812200000 - 0x00007ff812230000 	C:\WINDOWS\System32\IMM32.DLL
0x000000005a2b0000 - 0x000000005a382000 	C:\Program Files\Amazon Corretto\jdk1.8.0_265\jre\bin\msvcr100.dll
0x000000005a490000 - 0x000000005ad4a000 	C:\Program Files\Amazon Corretto\jdk1.8.0_265\jre\bin\server\jvm.dll
0x00007ff8107d0000 - 0x00007ff8107d8000 	C:\WINDOWS\System32\PSAPI.DLL
0x00007fffc7aa0000 - 0x00007fffc7aa9000 	C:\WINDOWS\SYSTEM32\WSOCK32.dll
0x00007ff8000f0000 - 0x00007ff800117000 	C:\WINDOWS\SYSTEM32\WINMM.dll
0x00007ff811690000 - 0x00007ff8116fb000 	C:\WINDOWS\System32\WS2_32.dll
0x00007ff8011c0000 - 0x00007ff8011ca000 	C:\WINDOWS\SYSTEM32\VERSION.dll
0x00007fffc7a90000 - 0x00007fffc7a9f000 	C:\Program Files\Amazon Corretto\jdk1.8.0_265\jre\bin\verify.dll
0x00007fffc7a60000 - 0x00007fffc7a89000 	C:\Program Files\Amazon Corretto\jdk1.8.0_265\jre\bin\java.dll
0x00007fffc7570000 - 0x00007fffc7586000 	C:\Program Files\Amazon Corretto\jdk1.8.0_265\jre\bin\zip.dll
0x00007ff8107e0000 - 0x00007ff810f1f000 	C:\WINDOWS\System32\SHELL32.dll
0x00007ff80df90000 - 0x00007ff80e720000 	C:\WINDOWS\SYSTEM32\windows.storage.dll
0x00007ff8123d0000 - 0x00007ff812725000 	C:\WINDOWS\System32\combase.dll
0x00007ff80f900000 - 0x00007ff80f92c000 	C:\WINDOWS\SYSTEM32\Wldp.dll
0x00007ff811700000 - 0x00007ff8117ae000 	C:\WINDOWS\System32\SHCORE.dll
0x00007ff8118a0000 - 0x00007ff8118f5000 	C:\WINDOWS\System32\shlwapi.dll
0x00007ff80fde0000 - 0x00007ff80fdff000 	C:\WINDOWS\SYSTEM32\profapi.dll
0x0000000180000000 - 0x0000000180053000 	C:\Users\Jason\workspace\Ghost Huntie\horror-game-master\lib\windows\lwjgl64.dll
0x00007fffed220000 - 0x00007fffed345000 	C:\WINDOWS\SYSTEM32\OPENGL32.dll
0x00007fffed1b0000 - 0x00007fffed1dc000 	C:\WINDOWS\SYSTEM32\GLU32.dll
0x00000000197f0000 - 0x0000000019854000 	C:\Users\Jason\workspace\Ghost Huntie\horror-game-master\lib\windows\OpenAL64.dll
0x00007ff811550000 - 0x00007ff81167a000 	C:\WINDOWS\System32\ole32.dll
0x00007ff80e730000 - 0x00007ff80e742000 	C:\WINDOWS\SYSTEM32\kernel.appcore.dll
0x00007ff8101d0000 - 0x00007ff810253000 	C:\WINDOWS\System32\bcryptPrimitives.dll
0x00007ff80d380000 - 0x00007ff80d41e000 	C:\WINDOWS\system32\uxtheme.dll
0x00007ff811900000 - 0x00007ff8119a9000 	C:\WINDOWS\System32\clbcatq.dll
0x00007fffdc320000 - 0x00007fffdc3bc000 	C:\WINDOWS\SYSTEM32\dsound.dll
0x00007ff80f420000 - 0x00007ff80f46b000 	C:\WINDOWS\SYSTEM32\powrprof.dll
0x00007fffe7cb0000 - 0x00007fffe7cd6000 	C:\WINDOWS\SYSTEM32\winmmbase.dll
0x00007ff80f2e0000 - 0x00007ff80f2f2000 	C:\WINDOWS\SYSTEM32\UMPDC.dll
0x00007ff8084e0000 - 0x00007ff808565000 	C:\WINDOWS\System32\MMDevApi.dll
0x00007ff80fc40000 - 0x00007ff80fc74000 	C:\WINDOWS\System32\DEVOBJ.dll
0x00007ff80fed0000 - 0x00007ff80ff1e000 	C:\WINDOWS\System32\cfgmgr32.dll
0x00007ff808570000 - 0x00007ff8086f1000 	C:\WINDOWS\SYSTEM32\AUDIOSES.DLL
0x00007ff8117b0000 - 0x00007ff81187d000 	C:\WINDOWS\System32\OLEAUT32.dll
0x00007ff80d550000 - 0x00007ff80d564000 	C:\WINDOWS\SYSTEM32\resourcepolicyclient.dll
0x00007ff80f850000 - 0x00007ff80f868000 	C:\WINDOWS\SYSTEM32\CRYPTSP.dll
0x00007ff80ef70000 - 0x00007ff80efa4000 	C:\WINDOWS\system32\rsaenh.dll
0x00007ff8107a0000 - 0x00007ff8107c7000 	C:\WINDOWS\System32\bcrypt.dll
0x00007ff80fd60000 - 0x00007ff80fd8e000 	C:\WINDOWS\SYSTEM32\USERENV.dll
0x00007ff80f870000 - 0x00007ff80f87c000 	C:\WINDOWS\SYSTEM32\CRYPTBASE.dll
0x00007fffc6fb0000 - 0x00007fffc6fca000 	C:\Program Files\Amazon Corretto\jdk1.8.0_265\jre\bin\net.dll
0x00007ff80f660000 - 0x00007ff80f6ca000 	C:\WINDOWS\system32\mswsock.dll
0x00007ff80f300000 - 0x00007ff80f33b000 	C:\WINDOWS\SYSTEM32\IPHLPAPI.DLL
0x00007ff811680000 - 0x00007ff811688000 	C:\WINDOWS\System32\NSI.dll
0x00007ff804580000 - 0x00007ff804597000 	C:\WINDOWS\SYSTEM32\dhcpcsvc6.DLL
0x00007ff8049c0000 - 0x00007ff8049dd000 	C:\WINDOWS\SYSTEM32\dhcpcsvc.DLL
0x00007ff80f350000 - 0x00007ff80f41c000 	C:\WINDOWS\SYSTEM32\DNSAPI.dll
0x00007fffc3ee0000 - 0x00007fffc3ef2000 	C:\Program Files\Amazon Corretto\jdk1.8.0_265\jre\bin\nio.dll
0x00007ffff4520000 - 0x00007ffff4564000 	C:\Users\Jason\AppData\Local\Temp\jna-71344347\jna1049716215269596172.dll
0x0000000058ac0000 - 0x000000005a2af000 	C:\Users\Jason\workspace\Ghost Huntie\horror-game-master\target\classes\win32-x86-64\libvosk.dll
0x00000000578b0000 - 0x0000000057942000 	C:\Users\Jason\workspace\Ghost Huntie\horror-game-master\target\classes\win32-x86-64\libwinpthread-1.dll
0x00000000589a0000 - 0x0000000058abc000 	C:\Users\Jason\workspace\Ghost Huntie\horror-game-master\target\classes\win32-x86-64\libgcc_s_seh-1.dll
0x0000000057950000 - 0x000000005899f000 	C:\Users\Jason\workspace\Ghost Huntie\horror-game-master\target\classes\win32-x86-64\libstdc++-6.dll
0x00007ff80b830000 - 0x00007ff80b83c000 	C:\Program Files\Amazon Corretto\jdk1.8.0_265\jre\bin\jsound.dll
0x00007ff80b820000 - 0x00007ff80b82b000 	C:\Program Files\Amazon Corretto\jdk1.8.0_265\jre\bin\jsoundds.dll
0x00007ff80b7c0000 - 0x00007ff80b806000 	C:\WINDOWS\SYSTEM32\wdmaud.drv
0x00007fffc3080000 - 0x00007fffc3089000 	C:\WINDOWS\SYSTEM32\ksuser.dll
0x00007ff80a010000 - 0x00007ff80a01a000 	C:\WINDOWS\SYSTEM32\AVRT.dll
0x00007ff80b7b0000 - 0x00007ff80b7bd000 	C:\WINDOWS\SYSTEM32\msacm32.drv
0x00007ff80b790000 - 0x00007ff80b7ae000 	C:\WINDOWS\SYSTEM32\MSACM32.dll
0x00007ff80b780000 - 0x00007ff80b78b000 	C:\WINDOWS\SYSTEM32\midimap.dll
0x00007ff80a5b0000 - 0x00007ff80a65e000 	C:\WINDOWS\SYSTEM32\mscms.dll
0x00007ff80a520000 - 0x00007ff80a531000 	C:\WINDOWS\SYSTEM32\ColorAdapterClient.dll
0x00007ff806230000 - 0x00007ff806274000 	C:\Windows\System32\Windows.Internal.Graphics.Display.DisplayColorManagement.dll
0x00007ff811af0000 - 0x00007ff811c05000 	C:\WINDOWS\System32\MSCTF.dll
0x00007ff807af0000 - 0x00007ff807be9000 	C:\Windows\System32\AppXDeploymentClient.dll
0x00007fffbaac0000 - 0x00007fffbb607000 	C:\WINDOWS\SYSTEM32\ig75icd64.dll
0x00007ff8038d0000 - 0x00007ff80430f000 	C:\WINDOWS\SYSTEM32\igdusc64.dll
0x00007ff80d640000 - 0x00007ff80d66f000 	C:\WINDOWS\SYSTEM32\dwmapi.dll
0x00007ff80b4e0000 - 0x00007ff80b4f4000 	C:\WINDOWS\SYSTEM32\WTSAPI32.dll
0x00007ff805af0000 - 0x00007ff805b2b000 	C:\WINDOWS\SYSTEM32\dxcore.dll
0x00007ff800e00000 - 0x00007ff800ef9000 	C:\WINDOWS\SYSTEM32\textinputframework.dll
0x00007ff80c970000 - 0x00007ff80ccce000 	C:\WINDOWS\System32\CoreUIComponents.dll
0x00007ff80d050000 - 0x00007ff80d142000 	C:\WINDOWS\System32\CoreMessaging.dll
0x00007ff80eba0000 - 0x00007ff80ebd3000 	C:\WINDOWS\SYSTEM32\ntmarta.dll
0x00007ff80b990000 - 0x00007ff80bae4000 	C:\WINDOWS\SYSTEM32\wintypes.dll
0x00007ffffdbf0000 - 0x00007ffffdc56000 	C:\WINDOWS\system32\Oleacc.dll
0x00007ffff44d0000 - 0x00007ffff4513000 	C:\WINDOWS\SYSTEM32\icm32.dll
0x00007ff80e7a0000 - 0x00007ff80e894000 	C:\WINDOWS\SYSTEM32\dxgi.dll
0x00007ff80baf0000 - 0x00007ff80bd54000 	C:\WINDOWS\SYSTEM32\d3d11.dll
0x00007ff804ac0000 - 0x00007ff805a1e000 	C:\WINDOWS\SYSTEM32\igd10iumd64.dll
0x00007ff80f970000 - 0x00007ff80f997000 	C:\WINDOWS\SYSTEM32\ncrypt.dll
0x00007ff80f930000 - 0x00007ff80f96b000 	C:\WINDOWS\SYSTEM32\NTASN1.dll
0x00007ff80dc30000 - 0x00007ff80de14000 	C:\WINDOWS\SYSTEM32\dbghelp.dll

VM Arguments:
jvm_args: -Dfile.encoding=UTF-8 
java_command: core.Application
java_class_path (initial): C:\Program Files\Amazon Corretto\jdk1.8.0_265\jre\lib\resources.jar;C:\Program Files\Amazon Corretto\jdk1.8.0_265\jre\lib\rt.jar;C:\Program Files\Amazon Corretto\jdk1.8.0_265\jre\lib\jsse.jar;C:\Program Files\Amazon Corretto\jdk1.8.0_265\jre\lib\jce.jar;C:\Program Files\Amazon Corretto\jdk1.8.0_265\jre\lib\charsets.jar;C:\Program Files\Amazon Corretto\jdk1.8.0_265\jre\lib\jfr.jar;C:\Program Files\Amazon Corretto\jdk1.8.0_265\jre\lib\ext\access-bridge-64.jar;C:\Program Files\Amazon Corretto\jdk1.8.0_265\jre\lib\ext\cldrdata.jar;C:\Program Files\Amazon Corretto\jdk1.8.0_265\jre\lib\ext\dnsns.jar;C:\Program Files\Amazon Corretto\jdk1.8.0_265\jre\lib\ext\jaccess.jar;C:\Program Files\Amazon Corretto\jdk1.8.0_265\jre\lib\ext\jfxrt.jar;C:\Program Files\Amazon Corretto\jdk1.8.0_265\jre\lib\ext\localedata.jar;C:\Program Files\Amazon Corretto\jdk1.8.0_265\jre\lib\ext\nashorn.jar;C:\Program Files\Amazon Corretto\jdk1.8.0_265\jre\lib\ext\sunec.jar;C:\Program Files\Amazon Corretto\jdk1.8.0_265\jre\lib\ext\sunjce_provider.jar;C:\Program Files\Amazon Corretto\jdk1.8.0_265\jre\lib\ext\sunmscapi.jar;C:\Program Files\Amazon Corretto\jdk1.8.0_265\jre\lib\ext\sunpkcs11.jar;C:\Program Files\Amazon Corretto\jdk1.8.0_265\jre\lib\ext\zipfs.jar;C:\Users\Jason\workspace\Ghost Huntie\horror-game-master\target\classes;C:\Users\Jason\workspace\Ghost Huntie\horror-game-master\lib\lwjgl_util.jar;C:\Users\Jason\workspace\Ghost Huntie\horror-game-master\lib\lwjgl.jar;C:\Users\Jason\workspace\Ghost Huntie\horror-game-master\lib\slick.jar;C:\Users\Jason\workspace\Ghost Huntie\horror-game-master\lib\PNGDecoder.jar;C:\Users\Jason\workspace\Ghost Huntie\horror-game-master\lib\jogg-0.0.7.jar;C:\Users\Jason\workspace\Ghost Huntie\horror-game-master\lib\jorbis-0.0.15.jar;C:\Users\Jason\workspace\Ghost Huntie\horror-game-master\lib\freetts\freetts.jar;C:\Users\Jason\workspace\Ghost Huntie\horror-game-master\lib\freetts\en_us.jar;C:\Users\Jason\workspace\Ghost Huntie\horror-game-
Launcher Type: SUN_STANDARD

Environment Variables:
JAVA_HOME=C:\Program Files\Amazon Corretto\jdk1.8.0_265
CLASSPATH=C:/junit/junit.jar
PATH=C:/Program Files/Amazon Corretto/jdk1.8.0_265/bin/../jre/bin/server;C:/Program Files/Amazon Corretto/jdk1.8.0_265/bin/../jre/bin;C:/Program Files/Amazon Corretto/jdk1.8.0_265/bin/../jre/lib/amd64;C:\Program Files\Amazon Corretto\jdk1.8.0_265\bin;C:\Program Files (x86)\Common Files\Oracle\Java\javapath;C:\WINDOWS\system32;C:\WINDOWS;C:\WINDOWS\System32\Wbem;C:\WINDOWS\System32\WindowsPowerShell\v1.0\;C:\Program Files\Intel\WiFi\bin\;C:\Program Files\Common Files\Intel\WirelessCommon\;C:\WINDOWS\System32\OpenSSH\;C:\Program Files\Git\cmd;C:\Program Files\Amazon Corretto\jdk1.8.0_265\bin;C:\Python32;C:\Gradle\gradle-7.0\bin;C:\Program Files\nodejs\;C:\Program Files\spring-2.5.2\bin;C:\Program Files\dotnet\;C:\Users\Jason\AppData\Local\Microsoft\WindowsApps;C:\Program Files\Intel\WiFi\bin\;C:\Program Files\Common Files\Intel\WirelessCommon\;C:\Program Files\Java\jre1.8.0_261\bin;C:\Program Files\Java\jdk-9\bin;C:\Users\Jason\AppData\Local\Programs\Microsoft VS Code\bin;C:\Python32;C:\Program Files\heroku\bin;C:\Maven\apache-maven-3.8.1\bin;C:\Users\Jason\AppData\Roaming\npm;C:\Program Files\JetBrains\IntelliJ IDEA Community Edition 2021.1.2\bin;;C:\Users\Jason\.dotnet\tools;C:\Users\Jason\Desktop;
USERNAME=Jason
OS=Windows_NT
PROCESSOR_IDENTIFIER=Intel64 Family 6 Model 69 Stepping 1, GenuineIntel



---------------  S Y S T E M  ---------------

OS: Windows 10.0 , 64 bit Build 19041 (10.0.19041.1151)

CPU:total 4 (initial active 4) (2 cores per cpu, 2 threads per core) family 6 model 69 stepping 1, cmov, cx8, fxsr, mmx, sse, sse2, sse3, ssse3, sse4.1, sse4.2, popcnt, avx, avx2, aes, clmul, erms, lzcnt, ht, tsc, tscinvbit, bmi1, bmi2

Memory: 4k page, physical 8298776k(2794820k free), swap 9609496k(2290144k free)

vm_info: OpenJDK 64-Bit Server VM (25.265-b01) for windows-amd64 JRE (1.8.0_265-b01), built on Jul 28 2020 21:14:30 by "Administrator" with MS VC++ 10.0 (VS2010)

time: Tue Aug 24 16:46:51 2021
timezone: Eastern Daylight Time
elapsed time: 7 seconds (0d 0h 0m 7s)

